New log file opened at Fri Mar 04 15:06:56 COT 2016 by 17432@Yohmor
jvm 17432@Yohmor
jvm vmName=Java HotSpot(TM) 64-Bit Server VM vmVendor=Oracle Corporation vmVersion=25.73-b02
jvm specName=Java Virtual Machine Specification specVendor=Oracle Corporation specVersion=1.8
jvm arguments: [-Xms256m, -Xmx1024m, -XX:MetaspaceSize=64m, -XX:MaxMetaspaceSize=256m]
Starting event engine
Starting sbt command engine
Waiting for sbt command engine
Command engine arguments=List()
Command engine baseDirectory=C:\sites\first_akka
Command engine initial remaining commands List(--initialize, onFailure load-failed, boot, server-send-ready-for-request, server-handle-next-server-request)
> --initialize
> initialize
> onFailure load-failed
> boot
> reload
[Loading] Scanning directory C:\Sites\first_akka\project
[Loading] Found non-root projects 
[Loading] Done in C:\Sites\first_akka\project, returning: ()
deducing auto plugins based on known facts Set(Atom(sbt.plugins.CorePlugin)) and clauses Clauses(List(Clause(Atom(sbt.plugins.JvmPlugin),Set(Atom(sbt.plugins.IvyPlugin))), Clause(Atom(sbt.plugins.JUnitXmlReportPlugin),Set(Atom(sbt.plugins.JvmPlugin))), Clause(Atom(sbt.plugins.CorePlugin),Set(Atom(sbt.plugins.IvyPlugin))), Clause(Atom(sbt.plugins.IvyPlugin),Set(Atom(sbt.plugins.JvmPlugin))), Clause(Atom(sbt.plugins.JvmPlugin),Set(Atom(sbt.plugins.JUnitXmlReportPlugin)))))
  :: deduced result: Matched(sbt.plugins.CorePlugin,sbt.plugins.IvyPlugin,sbt.plugins.JvmPlugin,sbt.plugins.JUnitXmlReportPlugin)
sorting: ns: List(sbt.plugins.CorePlugin, sbt.plugins.IvyPlugin, sbt.plugins.JvmPlugin, sbt.plugins.JUnitXmlReportPlugin)
  :: sorting:: found: List(sbt.plugins.CorePlugin) not found List(sbt.plugins.IvyPlugin, sbt.plugins.JvmPlugin, sbt.plugins.JUnitXmlReportPlugin)
  :: sorting:: found: List(sbt.plugins.CorePlugin, sbt.plugins.IvyPlugin) not found List(sbt.plugins.JvmPlugin, sbt.plugins.JUnitXmlReportPlugin)
  :: sorting:: found: List(sbt.plugins.CorePlugin, sbt.plugins.IvyPlugin, sbt.plugins.JvmPlugin) not found List(sbt.plugins.JUnitXmlReportPlugin)
  :: sorting:: found: List(sbt.plugins.CorePlugin, sbt.plugins.IvyPlugin, sbt.plugins.JvmPlugin, sbt.plugins.JUnitXmlReportPlugin) not found List()
  :: sorted deduced result: List(sbt.plugins.CorePlugin, sbt.plugins.IvyPlugin, sbt.plugins.JvmPlugin, sbt.plugins.JUnitXmlReportPlugin)
[Loading] Done in C:\Sites\first_akka\project, returning: (first_akka-build)
Loading project definition from C:\Sites\first_akka\project
Running task... Cancel: sbt.TaskCancellationStrategy$Null$@57e2e59b, check cycles: false

Initial source changes: 
	removed:Set()
	added: Set()
	modified: Set()
Removed products: Set()
External API changes: API Changes: Set()
Modified binary dependencies: Set()
Initial directly invalidated sources: Set()

Sources indirectly invalidated by:
	product: Set()
	binary dep: Set()
	external source: Set()
All initially invalidated sources: Set()

Copy resource mappings: 
	
[Loading] Scanning directory C:\Sites\first_akka
[Loading] Found non-root projects 
[Loading] Done in C:\Sites\first_akka, returning: ()
deducing auto plugins based on known facts Set(Atom(sbt.plugins.CorePlugin)) and clauses Clauses(List(Clause(Atom(sbt.plugins.JvmPlugin),Set(Atom(sbt.plugins.IvyPlugin))), Clause(Atom(sbt.plugins.JUnitXmlReportPlugin),Set(Atom(sbt.plugins.JvmPlugin))), Clause(Atom(sbt.plugins.BackgroundRunPlugin),Set(Atom(sbt.plugins.JvmPlugin))), Clause(Atom(sbt.plugins.CorePlugin),Set(Atom(sbt.plugins.IvyPlugin))), Clause(Atom(sbt.plugins.IvyPlugin),Set(Atom(sbt.plugins.JvmPlugin))), Clause(Atom(sbt.plugins.JvmPlugin),Set(Atom(sbt.plugins.JUnitXmlReportPlugin))), Clause(Atom(sbt.plugins.JvmPlugin),Set(Atom(sbt.plugins.BackgroundRunPlugin))), Clause(Atom(sbt.plugins.CorePlugin),Set(Atom(sbt.plugins.InteractionServicePlugin))), Clause(Atom(sbt.plugins.CorePlugin),Set(Atom(sbt.plugins.SendEventServicePlugin))), Clause(Atom(sbt.plugins.CorePlugin),Set(Atom(sbt.plugins.SerializersPlugin)))))
  :: deduced result: Matched(sbt.plugins.CorePlugin,sbt.plugins.SerializersPlugin,sbt.plugins.SendEventServicePlugin,sbt.plugins.InteractionServicePlugin,sbt.plugins.IvyPlugin,sbt.plugins.JvmPlugin,sbt.plugins.BackgroundRunPlugin,sbt.plugins.JUnitXmlReportPlugin)
sorting: ns: List(sbt.plugins.CorePlugin, sbt.plugins.SerializersPlugin, sbt.plugins.SendEventServicePlugin, sbt.plugins.InteractionServicePlugin, sbt.plugins.IvyPlugin, sbt.plugins.JvmPlugin, sbt.plugins.BackgroundRunPlugin, sbt.plugins.JUnitXmlReportPlugin)
  :: sorting:: found: List(sbt.plugins.CorePlugin) not found List(sbt.plugins.SerializersPlugin, sbt.plugins.SendEventServicePlugin, sbt.plugins.InteractionServicePlugin, sbt.plugins.IvyPlugin, sbt.plugins.JvmPlugin, sbt.plugins.BackgroundRunPlugin, sbt.plugins.JUnitXmlReportPlugin)
  :: sorting:: found: List(sbt.plugins.CorePlugin, sbt.plugins.SerializersPlugin, sbt.plugins.SendEventServicePlugin, sbt.plugins.InteractionServicePlugin, sbt.plugins.IvyPlugin) not found List(sbt.plugins.JvmPlugin, sbt.plugins.BackgroundRunPlugin, sbt.plugins.JUnitXmlReportPlugin)
  :: sorting:: found: List(sbt.plugins.CorePlugin, sbt.plugins.SerializersPlugin, sbt.plugins.SendEventServicePlugin, sbt.plugins.InteractionServicePlugin, sbt.plugins.IvyPlugin, sbt.plugins.JvmPlugin) not found List(sbt.plugins.BackgroundRunPlugin, sbt.plugins.JUnitXmlReportPlugin)
  :: sorting:: found: List(sbt.plugins.CorePlugin, sbt.plugins.SerializersPlugin, sbt.plugins.SendEventServicePlugin, sbt.plugins.InteractionServicePlugin, sbt.plugins.IvyPlugin, sbt.plugins.JvmPlugin, sbt.plugins.BackgroundRunPlugin, sbt.plugins.JUnitXmlReportPlugin) not found List()
  :: sorted deduced result: List(sbt.plugins.CorePlugin, sbt.plugins.SerializersPlugin, sbt.plugins.SendEventServicePlugin, sbt.plugins.InteractionServicePlugin, sbt.plugins.IvyPlugin, sbt.plugins.JvmPlugin, sbt.plugins.BackgroundRunPlugin, sbt.plugins.JUnitXmlReportPlugin)
[Loading] Done in C:\Sites\first_akka, returning: (first_akka)
Set current project to hello-scala (in build file:/C:/Sites/first_akka/)
Reapplying settings...
Set current project to hello-scala (in build file:/C:/Sites/first_akka/)
> iflast shell
> server-send-ready-for-request
> server-handle-next-server-request
> compile
Evaluating tasks: compile:compile
Running task... Cancel: sbt.server.ServerTaskCancellation@1fdedbf6, check cycles: false

Initial source changes: 
	removed:Set()
	added: Set()
	modified: Set(C:\Sites\first_akka\src\main\scala\SimpleActor.scala, C:\Sites\first_akka\src\main\scala\util\http\HttpDispatcher.scala)
Removed products: Set()
External API changes: API Changes: Set()
Modified binary dependencies: Set()
Initial directly invalidated sources: Set(C:\Sites\first_akka\src\main\scala\SimpleActor.scala, C:\Sites\first_akka\src\main\scala\util\http\HttpDispatcher.scala)

Sources indirectly invalidated by:
	product: Set()
	binary dep: Set()
	external source: Set()
All initially invalidated sources: Set(C:\Sites\first_akka\src\main\scala\SimpleActor.scala, C:\Sites\first_akka\src\main\scala\util\http\HttpDispatcher.scala)

Read from stdout: Compiling 2 Scala sources to C:\Sites\first_akka\target\scala-2.11\classes...
Compiling 2 Scala sources to C:\Sites\first_akka\target\scala-2.11\classes...
Getting compiler-interface from component compiler for Scala 2.11.7
Other repositories:
Default repositories:
Getting compiler-interface from component compiler for Scala 2.11.7
Other repositories:
Default repositories:
Running cached compiler 732bcda7, interfacing (CompilerInterface) with Scala compiler version 2.11.7
Calling Scala compiler with arguments  (CompilerInterface):
	-bootclasspath
	C:\Program Files\Java\jre1.8.0_73\lib\resources.jar;C:\Program Files\Java\jre1.8.0_73\lib\rt.jar;C:\Program Files\Java\jre1.8.0_73\lib\sunrsasign.jar;C:\Program Files\Java\jre1.8.0_73\lib\jsse.jar;C:\Program Files\Java\jre1.8.0_73\lib\jce.jar;C:\Program Files\Java\jre1.8.0_73\lib\charsets.jar;C:\Program Files\Java\jre1.8.0_73\lib\jfr.jar;C:\Program Files\Java\jre1.8.0_73\classes;C:\Users\yohmor\.ivy2\cache\org.scala-lang\scala-library\jars\scala-library-2.11.7.jar
	-classpath
	C:\Sites\first_akka\target\scala-2.11\classes;C:\Users\yohmor\.ivy2\cache\com.typesafe.akka\akka-stream-experimental_2.11\jars\akka-stream-experimental_2.11-2.0.3.jar;C:\Users\yohmor\.ivy2\cache\com.typesafe.akka\akka-actor_2.11\jars\akka-actor_2.11-2.3.12.jar;C:\Users\yohmor\.ivy2\cache\com.typesafe\config\bundles\config-1.2.1.jar;C:\Users\yohmor\.ivy2\cache\com.typesafe\ssl-config-akka_2.11\jars\ssl-config-akka_2.11-0.1.0.jar;C:\Users\yohmor\.ivy2\cache\com.typesafe\ssl-config-core_2.11\jars\ssl-config-core_2.11-0.1.0.jar;C:\Users\yohmor\.ivy2\cache\org.scala-lang.modules\scala-parser-combinators_2.11\bundles\scala-parser-combinators_2.11-1.0.4.jar;C:\Users\yohmor\Downloads\typesafe-activator-1.3.7\activator-dist-1.3.7\repository\org.reactivestreams\reactive-streams\1.0.0\jars\reactive-streams.jar;C:\Users\yohmor\.ivy2\cache\net.databinder.dispatch\dispatch-core_2.11\jars\dispatch-core_2.11-0.11.2.jar;C:\Users\yohmor\.ivy2\cache\org.scala-lang.modules\scala-xml_2.11\bundles\scala-xml_2.11-1.0.1.jar;C:\Users\yohmor\.ivy2\cache\com.ning\async-http-client\jars\async-http-client-1.8.10.jar;C:\Users\yohmor\.ivy2\cache\io.netty\netty\bundles\netty-3.9.2.Final.jar;C:\Users\yohmor\.ivy2\cache\org.slf4j\slf4j-api\jars\slf4j-api-1.7.5.jar;C:\Users\yohmor\.ivy2\cache\com.typesafe.akka\akka-http-core-experimental_2.11\jars\akka-http-core-experimental_2.11-2.0.1.jar;C:\Users\yohmor\.ivy2\cache\com.typesafe.akka\akka-parsing-experimental_2.11\jars\akka-parsing-experimental_2.11-2.0.1.jar;C:\Users\yohmor\.ivy2\cache\com.typesafe.akka\akka-http-experimental_2.11\jars\akka-http-experimental_2.11-2.0.1.jar;C:\Users\yohmor\.ivy2\cache\com.typesafe.akka\akka-http-spray-json-experimental_2.11\jars\akka-http-spray-json-experimental_2.11-2.0.1.jar;C:\Users\yohmor\.ivy2\cache\io.spray\spray-json_2.11\bundles\spray-json_2.11-1.3.2.jar;C:\Users\yohmor\.ivy2\cache\com.typesafe.akka\akka-http-testkit-experimental_2.11\jars\akka-http-testkit-experimental_2.11-2.0.1.jar;C:\Users\yohmor\.ivy2\cache\com.typesafe.akka\akka-stream-testkit-experimental_2.11\jars\akka-stream-testkit-experimental_2.11-2.0.1.jar;C:\Users\yohmor\.ivy2\cache\com.typesafe.akka\akka-testkit_2.11\jars\akka-testkit_2.11-2.3.12.jar
Read from stdout: C:\Sites\first_akka\src\main\scala\util\http\HttpDispatcher.scala:22: could not find implicit value for parameter system: akka.actor.ActorSystem
C:\Sites\first_akka\src\main\scala\util\http\HttpDispatcher.scala:22: could not find implicit value for parameter system: akka.actor.ActorSystem
Read from stdout: Http().outgoingConnection("http://www.setlister.me/", 80)  
      Http().outgoingConnection("http://www.setlister.me/", 80)  
Read from stdout: ^
          ^
Read from stdout: C:\Sites\first_akka\src\main\scala\util\http\HttpDispatcher.scala:24: could not find implicit value for parameter materializer: akka.stream.Materializer
C:\Sites\first_akka\src\main\scala\util\http\HttpDispatcher.scala:24: could not find implicit value for parameter materializer: akka.stream.Materializer
Read from stdout: def setlisterRequest(request: HttpRequest): Future[HttpResponse] = Source.single(request).via(setlisterConnectionFlow).runWith(Sink.head)
    def setlisterRequest(request: HttpRequest): Future[HttpResponse] = Source.single(request).via(setlisterConnectionFlow).runWith(Sink.head)
Read from stdout: ^
                                                                                                                                  ^
Read from stdout: C:\Sites\first_akka\src\main\scala\util\http\HttpDispatcher.scala:39: not found: type IpInfo
C:\Sites\first_akka\src\main\scala\util\http\HttpDispatcher.scala:39: not found: type IpInfo
Read from stdout: case OK => Unmarshal(response.entity).to[IpInfo].map(Right(_))
            case OK => Unmarshal(response.entity).to[IpInfo].map(Right(_))
Read from stdout: ^
                                                     ^
Read from stdout: C:\Sites\first_akka\src\main\scala\util\http\HttpDispatcher.scala:41: could not find implicit value for parameter mat: akka.stream.Materializer
C:\Sites\first_akka\src\main\scala\util\http\HttpDispatcher.scala:41: could not find implicit value for parameter mat: akka.stream.Materializer
Read from stdout: case _ => Unmarshal(response.entity).to[String].flatMap { entity =>
            case _ => Unmarshal(response.entity).to[String].flatMap { entity =>
Read from stdout: ^
                                                   ^
Read from stdout: C:\Sites\first_akka\src\main\scala\util\http\HttpDispatcher.scala:43: not found: value logger
C:\Sites\first_akka\src\main\scala\util\http\HttpDispatcher.scala:43: not found: value logger
Read from stdout: logger.error(error)
              logger.error(error)
Read from stdout: ^
              ^
Read from stdout: C:\Sites\first_akka\src\main\scala\util\http\HttpDispatcher.scala:44: not found: type IOException
C:\Sites\first_akka\src\main\scala\util\http\HttpDispatcher.scala:44: not found: type IOException
Read from stdout: Future.failed(new IOException(error))
              Future.failed(new IOException(error))
Read from stdout: ^
                                ^
Read from stdout: 6 errors found
6 errors found
Compilation failed (CompilerInterface)
Read from stdout: (compile:compileIncremental) Compilation failed
(compile:compileIncremental) Compilation failed
Total time: 6 s, completed 4/03/2016 03:07:09 PM
> server-post-command-error-handler
> server-post-command-cleanup
> server-handle-next-server-request
> {file:/C:/Sites/first_akka/}first_akka/compile:discoveredMainClasses
Evaluating tasks: compile:discoveredMainClasses
Running task... Cancel: sbt.server.ServerTaskCancellation@8fd1e02, check cycles: false

Initial source changes: 
	removed:Set()
	added: Set()
	modified: Set(C:\Sites\first_akka\src\main\scala\SimpleActor.scala, C:\Sites\first_akka\src\main\scala\util\http\HttpDispatcher.scala)
Removed products: Set()
External API changes: API Changes: Set()
Modified binary dependencies: Set()
Initial directly invalidated sources: Set(C:\Sites\first_akka\src\main\scala\SimpleActor.scala, C:\Sites\first_akka\src\main\scala\util\http\HttpDispatcher.scala)

Sources indirectly invalidated by:
	product: Set()
	binary dep: Set()
	external source: Set()
All initially invalidated sources: Set(C:\Sites\first_akka\src\main\scala\SimpleActor.scala, C:\Sites\first_akka\src\main\scala\util\http\HttpDispatcher.scala)

Read from stdout: Compiling 2 Scala sources to C:\Sites\first_akka\target\scala-2.11\classes...
Compiling 2 Scala sources to C:\Sites\first_akka\target\scala-2.11\classes...
Getting compiler-interface from component compiler for Scala 2.11.7
Other repositories:
Default repositories:
Getting compiler-interface from component compiler for Scala 2.11.7
Other repositories:
Default repositories:
Running cached compiler 62c562f, interfacing (CompilerInterface) with Scala compiler version 2.11.7
Calling Scala compiler with arguments  (CompilerInterface):
	-bootclasspath
	C:\Program Files\Java\jre1.8.0_73\lib\resources.jar;C:\Program Files\Java\jre1.8.0_73\lib\rt.jar;C:\Program Files\Java\jre1.8.0_73\lib\sunrsasign.jar;C:\Program Files\Java\jre1.8.0_73\lib\jsse.jar;C:\Program Files\Java\jre1.8.0_73\lib\jce.jar;C:\Program Files\Java\jre1.8.0_73\lib\charsets.jar;C:\Program Files\Java\jre1.8.0_73\lib\jfr.jar;C:\Program Files\Java\jre1.8.0_73\classes;C:\Users\yohmor\.ivy2\cache\org.scala-lang\scala-library\jars\scala-library-2.11.7.jar
	-classpath
	C:\Sites\first_akka\target\scala-2.11\classes;C:\Users\yohmor\.ivy2\cache\com.typesafe.akka\akka-stream-experimental_2.11\jars\akka-stream-experimental_2.11-2.0.3.jar;C:\Users\yohmor\.ivy2\cache\com.typesafe.akka\akka-actor_2.11\jars\akka-actor_2.11-2.3.12.jar;C:\Users\yohmor\.ivy2\cache\com.typesafe\config\bundles\config-1.2.1.jar;C:\Users\yohmor\.ivy2\cache\com.typesafe\ssl-config-akka_2.11\jars\ssl-config-akka_2.11-0.1.0.jar;C:\Users\yohmor\.ivy2\cache\com.typesafe\ssl-config-core_2.11\jars\ssl-config-core_2.11-0.1.0.jar;C:\Users\yohmor\.ivy2\cache\org.scala-lang.modules\scala-parser-combinators_2.11\bundles\scala-parser-combinators_2.11-1.0.4.jar;C:\Users\yohmor\Downloads\typesafe-activator-1.3.7\activator-dist-1.3.7\repository\org.reactivestreams\reactive-streams\1.0.0\jars\reactive-streams.jar;C:\Users\yohmor\.ivy2\cache\net.databinder.dispatch\dispatch-core_2.11\jars\dispatch-core_2.11-0.11.2.jar;C:\Users\yohmor\.ivy2\cache\org.scala-lang.modules\scala-xml_2.11\bundles\scala-xml_2.11-1.0.1.jar;C:\Users\yohmor\.ivy2\cache\com.ning\async-http-client\jars\async-http-client-1.8.10.jar;C:\Users\yohmor\.ivy2\cache\io.netty\netty\bundles\netty-3.9.2.Final.jar;C:\Users\yohmor\.ivy2\cache\org.slf4j\slf4j-api\jars\slf4j-api-1.7.5.jar;C:\Users\yohmor\.ivy2\cache\com.typesafe.akka\akka-http-core-experimental_2.11\jars\akka-http-core-experimental_2.11-2.0.1.jar;C:\Users\yohmor\.ivy2\cache\com.typesafe.akka\akka-parsing-experimental_2.11\jars\akka-parsing-experimental_2.11-2.0.1.jar;C:\Users\yohmor\.ivy2\cache\com.typesafe.akka\akka-http-experimental_2.11\jars\akka-http-experimental_2.11-2.0.1.jar;C:\Users\yohmor\.ivy2\cache\com.typesafe.akka\akka-http-spray-json-experimental_2.11\jars\akka-http-spray-json-experimental_2.11-2.0.1.jar;C:\Users\yohmor\.ivy2\cache\io.spray\spray-json_2.11\bundles\spray-json_2.11-1.3.2.jar;C:\Users\yohmor\.ivy2\cache\com.typesafe.akka\akka-http-testkit-experimental_2.11\jars\akka-http-testkit-experimental_2.11-2.0.1.jar;C:\Users\yohmor\.ivy2\cache\com.typesafe.akka\akka-stream-testkit-experimental_2.11\jars\akka-stream-testkit-experimental_2.11-2.0.1.jar;C:\Users\yohmor\.ivy2\cache\com.typesafe.akka\akka-testkit_2.11\jars\akka-testkit_2.11-2.3.12.jar
Read from stdout: C:\Sites\first_akka\src\main\scala\util\http\HttpDispatcher.scala:22: could not find implicit value for parameter system: akka.actor.ActorSystem
C:\Sites\first_akka\src\main\scala\util\http\HttpDispatcher.scala:22: could not find implicit value for parameter system: akka.actor.ActorSystem
Read from stdout: Http().outgoingConnection("http://www.setlister.me/", 80)  
      Http().outgoingConnection("http://www.setlister.me/", 80)  
Read from stdout: ^
          ^
Read from stdout: C:\Sites\first_akka\src\main\scala\util\http\HttpDispatcher.scala:24: could not find implicit value for parameter materializer: akka.stream.Materializer
C:\Sites\first_akka\src\main\scala\util\http\HttpDispatcher.scala:24: could not find implicit value for parameter materializer: akka.stream.Materializer
Read from stdout: def setlisterRequest(request: HttpRequest): Future[HttpResponse] = Source.single(request).via(setlisterConnectionFlow).runWith(Sink.head)
    def setlisterRequest(request: HttpRequest): Future[HttpResponse] = Source.single(request).via(setlisterConnectionFlow).runWith(Sink.head)
Read from stdout: ^
                                                                                                                                  ^
Read from stdout: C:\Sites\first_akka\src\main\scala\util\http\HttpDispatcher.scala:39: not found: type IpInfo
C:\Sites\first_akka\src\main\scala\util\http\HttpDispatcher.scala:39: not found: type IpInfo
Read from stdout: case OK => Unmarshal(response.entity).to[IpInfo].map(Right(_))
            case OK => Unmarshal(response.entity).to[IpInfo].map(Right(_))
Read from stdout: ^
                                                     ^
Read from stdout: C:\Sites\first_akka\src\main\scala\util\http\HttpDispatcher.scala:41: could not find implicit value for parameter mat: akka.stream.Materializer
C:\Sites\first_akka\src\main\scala\util\http\HttpDispatcher.scala:41: could not find implicit value for parameter mat: akka.stream.Materializer
Read from stdout: case _ => Unmarshal(response.entity).to[String].flatMap { entity =>
            case _ => Unmarshal(response.entity).to[String].flatMap { entity =>
Read from stdout: ^
                                                   ^
Read from stdout: C:\Sites\first_akka\src\main\scala\util\http\HttpDispatcher.scala:43: not found: value logger
C:\Sites\first_akka\src\main\scala\util\http\HttpDispatcher.scala:43: not found: value logger
Read from stdout: logger.error(error)
              logger.error(error)
Read from stdout: ^
              ^
Read from stdout: C:\Sites\first_akka\src\main\scala\util\http\HttpDispatcher.scala:44: not found: type IOException
C:\Sites\first_akka\src\main\scala\util\http\HttpDispatcher.scala:44: not found: type IOException
Read from stdout: Future.failed(new IOException(error))
              Future.failed(new IOException(error))
Read from stdout: ^
                                ^
Read from stdout: 6 errors found
6 errors found
Compilation failed (CompilerInterface)
Read from stdout: (compile:compileIncremental) Compilation failed
(compile:compileIncremental) Compilation failed
Total time: 1 s, completed 4/03/2016 03:07:11 PM
> server-post-command-error-handler
> server-post-command-cleanup
> server-handle-next-server-request
> {file:/C:/Sites/first_akka/}first_akka/compile:mainClass
Evaluating tasks: compile:mainClass
Running task... Cancel: sbt.server.ServerTaskCancellation@4d24bc2a, check cycles: false

Initial source changes: 
	removed:Set()
	added: Set()
	modified: Set(C:\Sites\first_akka\src\main\scala\SimpleActor.scala, C:\Sites\first_akka\src\main\scala\util\http\HttpDispatcher.scala)
Removed products: Set()
External API changes: API Changes: Set()
Modified binary dependencies: Set()
Initial directly invalidated sources: Set(C:\Sites\first_akka\src\main\scala\SimpleActor.scala, C:\Sites\first_akka\src\main\scala\util\http\HttpDispatcher.scala)

Sources indirectly invalidated by:
	product: Set()
	binary dep: Set()
	external source: Set()
All initially invalidated sources: Set(C:\Sites\first_akka\src\main\scala\SimpleActor.scala, C:\Sites\first_akka\src\main\scala\util\http\HttpDispatcher.scala)

Read from stdout: Compiling 2 Scala sources to C:\Sites\first_akka\target\scala-2.11\classes...
Compiling 2 Scala sources to C:\Sites\first_akka\target\scala-2.11\classes...
Getting compiler-interface from component compiler for Scala 2.11.7
Other repositories:
Default repositories:
Getting compiler-interface from component compiler for Scala 2.11.7
Other repositories:
Default repositories:
Running cached compiler 73464b19, interfacing (CompilerInterface) with Scala compiler version 2.11.7
Calling Scala compiler with arguments  (CompilerInterface):
	-bootclasspath
	C:\Program Files\Java\jre1.8.0_73\lib\resources.jar;C:\Program Files\Java\jre1.8.0_73\lib\rt.jar;C:\Program Files\Java\jre1.8.0_73\lib\sunrsasign.jar;C:\Program Files\Java\jre1.8.0_73\lib\jsse.jar;C:\Program Files\Java\jre1.8.0_73\lib\jce.jar;C:\Program Files\Java\jre1.8.0_73\lib\charsets.jar;C:\Program Files\Java\jre1.8.0_73\lib\jfr.jar;C:\Program Files\Java\jre1.8.0_73\classes;C:\Users\yohmor\.ivy2\cache\org.scala-lang\scala-library\jars\scala-library-2.11.7.jar
	-classpath
	C:\Sites\first_akka\target\scala-2.11\classes;C:\Users\yohmor\.ivy2\cache\com.typesafe.akka\akka-stream-experimental_2.11\jars\akka-stream-experimental_2.11-2.0.3.jar;C:\Users\yohmor\.ivy2\cache\com.typesafe.akka\akka-actor_2.11\jars\akka-actor_2.11-2.3.12.jar;C:\Users\yohmor\.ivy2\cache\com.typesafe\config\bundles\config-1.2.1.jar;C:\Users\yohmor\.ivy2\cache\com.typesafe\ssl-config-akka_2.11\jars\ssl-config-akka_2.11-0.1.0.jar;C:\Users\yohmor\.ivy2\cache\com.typesafe\ssl-config-core_2.11\jars\ssl-config-core_2.11-0.1.0.jar;C:\Users\yohmor\.ivy2\cache\org.scala-lang.modules\scala-parser-combinators_2.11\bundles\scala-parser-combinators_2.11-1.0.4.jar;C:\Users\yohmor\Downloads\typesafe-activator-1.3.7\activator-dist-1.3.7\repository\org.reactivestreams\reactive-streams\1.0.0\jars\reactive-streams.jar;C:\Users\yohmor\.ivy2\cache\net.databinder.dispatch\dispatch-core_2.11\jars\dispatch-core_2.11-0.11.2.jar;C:\Users\yohmor\.ivy2\cache\org.scala-lang.modules\scala-xml_2.11\bundles\scala-xml_2.11-1.0.1.jar;C:\Users\yohmor\.ivy2\cache\com.ning\async-http-client\jars\async-http-client-1.8.10.jar;C:\Users\yohmor\.ivy2\cache\io.netty\netty\bundles\netty-3.9.2.Final.jar;C:\Users\yohmor\.ivy2\cache\org.slf4j\slf4j-api\jars\slf4j-api-1.7.5.jar;C:\Users\yohmor\.ivy2\cache\com.typesafe.akka\akka-http-core-experimental_2.11\jars\akka-http-core-experimental_2.11-2.0.1.jar;C:\Users\yohmor\.ivy2\cache\com.typesafe.akka\akka-parsing-experimental_2.11\jars\akka-parsing-experimental_2.11-2.0.1.jar;C:\Users\yohmor\.ivy2\cache\com.typesafe.akka\akka-http-experimental_2.11\jars\akka-http-experimental_2.11-2.0.1.jar;C:\Users\yohmor\.ivy2\cache\com.typesafe.akka\akka-http-spray-json-experimental_2.11\jars\akka-http-spray-json-experimental_2.11-2.0.1.jar;C:\Users\yohmor\.ivy2\cache\io.spray\spray-json_2.11\bundles\spray-json_2.11-1.3.2.jar;C:\Users\yohmor\.ivy2\cache\com.typesafe.akka\akka-http-testkit-experimental_2.11\jars\akka-http-testkit-experimental_2.11-2.0.1.jar;C:\Users\yohmor\.ivy2\cache\com.typesafe.akka\akka-stream-testkit-experimental_2.11\jars\akka-stream-testkit-experimental_2.11-2.0.1.jar;C:\Users\yohmor\.ivy2\cache\com.typesafe.akka\akka-testkit_2.11\jars\akka-testkit_2.11-2.3.12.jar
Read from stdout: C:\Sites\first_akka\src\main\scala\util\http\HttpDispatcher.scala:22: could not find implicit value for parameter system: akka.actor.ActorSystem
C:\Sites\first_akka\src\main\scala\util\http\HttpDispatcher.scala:22: could not find implicit value for parameter system: akka.actor.ActorSystem
Read from stdout: Http().outgoingConnection("http://www.setlister.me/", 80)  
      Http().outgoingConnection("http://www.setlister.me/", 80)  
Read from stdout: ^
          ^
Read from stdout: C:\Sites\first_akka\src\main\scala\util\http\HttpDispatcher.scala:24: could not find implicit value for parameter materializer: akka.stream.Materializer
C:\Sites\first_akka\src\main\scala\util\http\HttpDispatcher.scala:24: could not find implicit value for parameter materializer: akka.stream.Materializer
Read from stdout: def setlisterRequest(request: HttpRequest): Future[HttpResponse] = Source.single(request).via(setlisterConnectionFlow).runWith(Sink.head)
    def setlisterRequest(request: HttpRequest): Future[HttpResponse] = Source.single(request).via(setlisterConnectionFlow).runWith(Sink.head)
Read from stdout: ^
                                                                                                                                  ^
Read from stdout: C:\Sites\first_akka\src\main\scala\util\http\HttpDispatcher.scala:39: not found: type IpInfo
C:\Sites\first_akka\src\main\scala\util\http\HttpDispatcher.scala:39: not found: type IpInfo
Read from stdout: case OK => Unmarshal(response.entity).to[IpInfo].map(Right(_))
            case OK => Unmarshal(response.entity).to[IpInfo].map(Right(_))
Read from stdout: ^
                                                     ^
Read from stdout: C:\Sites\first_akka\src\main\scala\util\http\HttpDispatcher.scala:41: could not find implicit value for parameter mat: akka.stream.Materializer
C:\Sites\first_akka\src\main\scala\util\http\HttpDispatcher.scala:41: could not find implicit value for parameter mat: akka.stream.Materializer
Read from stdout: case _ => Unmarshal(response.entity).to[String].flatMap { entity =>
            case _ => Unmarshal(response.entity).to[String].flatMap { entity =>
Read from stdout: ^
                                                   ^
Read from stdout: C:\Sites\first_akka\src\main\scala\util\http\HttpDispatcher.scala:43: not found: value logger
C:\Sites\first_akka\src\main\scala\util\http\HttpDispatcher.scala:43: not found: value logger
Read from stdout: logger.error(error)
              logger.error(error)
Read from stdout: ^
              ^
Read from stdout: C:\Sites\first_akka\src\main\scala\util\http\HttpDispatcher.scala:44: not found: type IOException
C:\Sites\first_akka\src\main\scala\util\http\HttpDispatcher.scala:44: not found: type IOException
Read from stdout: Future.failed(new IOException(error))
              Future.failed(new IOException(error))
Read from stdout: ^
                                ^
Read from stdout: 6 errors found
6 errors found
Compilation failed (CompilerInterface)
Read from stdout: (compile:compileIncremental) Compilation failed
(compile:compileIncremental) Compilation failed
Total time: 1 s, completed 4/03/2016 03:07:12 PM
> server-post-command-error-handler
> server-post-command-cleanup
> server-handle-next-server-request
> compile
Evaluating tasks: compile:compile
Running task... Cancel: sbt.server.ServerTaskCancellation@6d355445, check cycles: false

Initial source changes: 
	removed:Set()
	added: Set()
	modified: Set(C:\Sites\first_akka\src\main\scala\SimpleActor.scala, C:\Sites\first_akka\src\main\scala\util\http\HttpDispatcher.scala)
Removed products: Set()
External API changes: API Changes: Set()
Modified binary dependencies: Set()
Initial directly invalidated sources: Set(C:\Sites\first_akka\src\main\scala\SimpleActor.scala, C:\Sites\first_akka\src\main\scala\util\http\HttpDispatcher.scala)

Sources indirectly invalidated by:
	product: Set()
	binary dep: Set()
	external source: Set()
All initially invalidated sources: Set(C:\Sites\first_akka\src\main\scala\SimpleActor.scala, C:\Sites\first_akka\src\main\scala\util\http\HttpDispatcher.scala)

Read from stdout: Compiling 2 Scala sources to C:\Sites\first_akka\target\scala-2.11\classes...
Compiling 2 Scala sources to C:\Sites\first_akka\target\scala-2.11\classes...
Getting compiler-interface from component compiler for Scala 2.11.7
Other repositories:
Default repositories:
Getting compiler-interface from component compiler for Scala 2.11.7
Other repositories:
Default repositories:
Running cached compiler 1dd117af, interfacing (CompilerInterface) with Scala compiler version 2.11.7
Calling Scala compiler with arguments  (CompilerInterface):
	-bootclasspath
	C:\Program Files\Java\jre1.8.0_73\lib\resources.jar;C:\Program Files\Java\jre1.8.0_73\lib\rt.jar;C:\Program Files\Java\jre1.8.0_73\lib\sunrsasign.jar;C:\Program Files\Java\jre1.8.0_73\lib\jsse.jar;C:\Program Files\Java\jre1.8.0_73\lib\jce.jar;C:\Program Files\Java\jre1.8.0_73\lib\charsets.jar;C:\Program Files\Java\jre1.8.0_73\lib\jfr.jar;C:\Program Files\Java\jre1.8.0_73\classes;C:\Users\yohmor\.ivy2\cache\org.scala-lang\scala-library\jars\scala-library-2.11.7.jar
	-classpath
	C:\Sites\first_akka\target\scala-2.11\classes;C:\Users\yohmor\.ivy2\cache\com.typesafe.akka\akka-stream-experimental_2.11\jars\akka-stream-experimental_2.11-2.0.3.jar;C:\Users\yohmor\.ivy2\cache\com.typesafe.akka\akka-actor_2.11\jars\akka-actor_2.11-2.3.12.jar;C:\Users\yohmor\.ivy2\cache\com.typesafe\config\bundles\config-1.2.1.jar;C:\Users\yohmor\.ivy2\cache\com.typesafe\ssl-config-akka_2.11\jars\ssl-config-akka_2.11-0.1.0.jar;C:\Users\yohmor\.ivy2\cache\com.typesafe\ssl-config-core_2.11\jars\ssl-config-core_2.11-0.1.0.jar;C:\Users\yohmor\.ivy2\cache\org.scala-lang.modules\scala-parser-combinators_2.11\bundles\scala-parser-combinators_2.11-1.0.4.jar;C:\Users\yohmor\Downloads\typesafe-activator-1.3.7\activator-dist-1.3.7\repository\org.reactivestreams\reactive-streams\1.0.0\jars\reactive-streams.jar;C:\Users\yohmor\.ivy2\cache\net.databinder.dispatch\dispatch-core_2.11\jars\dispatch-core_2.11-0.11.2.jar;C:\Users\yohmor\.ivy2\cache\org.scala-lang.modules\scala-xml_2.11\bundles\scala-xml_2.11-1.0.1.jar;C:\Users\yohmor\.ivy2\cache\com.ning\async-http-client\jars\async-http-client-1.8.10.jar;C:\Users\yohmor\.ivy2\cache\io.netty\netty\bundles\netty-3.9.2.Final.jar;C:\Users\yohmor\.ivy2\cache\org.slf4j\slf4j-api\jars\slf4j-api-1.7.5.jar;C:\Users\yohmor\.ivy2\cache\com.typesafe.akka\akka-http-core-experimental_2.11\jars\akka-http-core-experimental_2.11-2.0.1.jar;C:\Users\yohmor\.ivy2\cache\com.typesafe.akka\akka-parsing-experimental_2.11\jars\akka-parsing-experimental_2.11-2.0.1.jar;C:\Users\yohmor\.ivy2\cache\com.typesafe.akka\akka-http-experimental_2.11\jars\akka-http-experimental_2.11-2.0.1.jar;C:\Users\yohmor\.ivy2\cache\com.typesafe.akka\akka-http-spray-json-experimental_2.11\jars\akka-http-spray-json-experimental_2.11-2.0.1.jar;C:\Users\yohmor\.ivy2\cache\io.spray\spray-json_2.11\bundles\spray-json_2.11-1.3.2.jar;C:\Users\yohmor\.ivy2\cache\com.typesafe.akka\akka-http-testkit-experimental_2.11\jars\akka-http-testkit-experimental_2.11-2.0.1.jar;C:\Users\yohmor\.ivy2\cache\com.typesafe.akka\akka-stream-testkit-experimental_2.11\jars\akka-stream-testkit-experimental_2.11-2.0.1.jar;C:\Users\yohmor\.ivy2\cache\com.typesafe.akka\akka-testkit_2.11\jars\akka-testkit_2.11-2.3.12.jar
Read from stdout: C:\Sites\first_akka\src\main\scala\util\http\HttpDispatcher.scala:23: could not find implicit value for parameter system: akka.actor.ActorSystem
C:\Sites\first_akka\src\main\scala\util\http\HttpDispatcher.scala:23: could not find implicit value for parameter system: akka.actor.ActorSystem
Read from stdout: Http().outgoingConnection("http://www.setlister.me/", 80)  
      Http().outgoingConnection("http://www.setlister.me/", 80)  
Read from stdout: ^
          ^
Read from stdout: C:\Sites\first_akka\src\main\scala\util\http\HttpDispatcher.scala:25: could not find implicit value for parameter materializer: akka.stream.Materializer
C:\Sites\first_akka\src\main\scala\util\http\HttpDispatcher.scala:25: could not find implicit value for parameter materializer: akka.stream.Materializer
Read from stdout: def setlisterRequest(request: HttpRequest): Future[HttpResponse] = Source.single(request).via(setlisterConnectionFlow).runWith(Sink.head)
    def setlisterRequest(request: HttpRequest): Future[HttpResponse] = Source.single(request).via(setlisterConnectionFlow).runWith(Sink.head)
Read from stdout: ^
                                                                                                                                  ^
Read from stdout: C:\Sites\first_akka\src\main\scala\util\http\HttpDispatcher.scala:40: not found: type IpInfo
C:\Sites\first_akka\src\main\scala\util\http\HttpDispatcher.scala:40: not found: type IpInfo
Read from stdout: case OK => Unmarshal(response.entity).to[IpInfo].map(Right(_))
            case OK => Unmarshal(response.entity).to[IpInfo].map(Right(_))
Read from stdout: ^
                                                     ^
Read from stdout: C:\Sites\first_akka\src\main\scala\util\http\HttpDispatcher.scala:42: could not find implicit value for parameter mat: akka.stream.Materializer
C:\Sites\first_akka\src\main\scala\util\http\HttpDispatcher.scala:42: could not find implicit value for parameter mat: akka.stream.Materializer
Read from stdout: case _ => Unmarshal(response.entity).to[String].flatMap { entity =>
            case _ => Unmarshal(response.entity).to[String].flatMap { entity =>
Read from stdout: ^
                                                   ^
Read from stdout: C:\Sites\first_akka\src\main\scala\util\http\HttpDispatcher.scala:44: not found: value logger
C:\Sites\first_akka\src\main\scala\util\http\HttpDispatcher.scala:44: not found: value logger
Read from stdout: logger.error(error)
              logger.error(error)
Read from stdout: ^
              ^
Read from stdout: 5 errors found
5 errors found
Compilation failed (CompilerInterface)
Read from stdout: (compile:compileIncremental) Compilation failed
(compile:compileIncremental) Compilation failed
Total time: 1 s, completed 4/03/2016 03:07:41 PM
> server-post-command-error-handler
> server-post-command-cleanup
> server-handle-next-server-request
> compile
Evaluating tasks: compile:compile
Running task... Cancel: sbt.server.ServerTaskCancellation@5464adf1, check cycles: false

Initial source changes: 
	removed:Set()
	added: Set()
	modified: Set(C:\Sites\first_akka\src\main\scala\SimpleActor.scala, C:\Sites\first_akka\src\main\scala\util\http\HttpDispatcher.scala)
Removed products: Set()
External API changes: API Changes: Set()
Modified binary dependencies: Set()
Initial directly invalidated sources: Set(C:\Sites\first_akka\src\main\scala\SimpleActor.scala, C:\Sites\first_akka\src\main\scala\util\http\HttpDispatcher.scala)

Sources indirectly invalidated by:
	product: Set()
	binary dep: Set()
	external source: Set()
All initially invalidated sources: Set(C:\Sites\first_akka\src\main\scala\SimpleActor.scala, C:\Sites\first_akka\src\main\scala\util\http\HttpDispatcher.scala)

Read from stdout: Compiling 2 Scala sources to C:\Sites\first_akka\target\scala-2.11\classes...
Compiling 2 Scala sources to C:\Sites\first_akka\target\scala-2.11\classes...
Getting compiler-interface from component compiler for Scala 2.11.7
Other repositories:
Default repositories:
Getting compiler-interface from component compiler for Scala 2.11.7
Other repositories:
Default repositories:
Running cached compiler 331faf77, interfacing (CompilerInterface) with Scala compiler version 2.11.7
Calling Scala compiler with arguments  (CompilerInterface):
	-bootclasspath
	C:\Program Files\Java\jre1.8.0_73\lib\resources.jar;C:\Program Files\Java\jre1.8.0_73\lib\rt.jar;C:\Program Files\Java\jre1.8.0_73\lib\sunrsasign.jar;C:\Program Files\Java\jre1.8.0_73\lib\jsse.jar;C:\Program Files\Java\jre1.8.0_73\lib\jce.jar;C:\Program Files\Java\jre1.8.0_73\lib\charsets.jar;C:\Program Files\Java\jre1.8.0_73\lib\jfr.jar;C:\Program Files\Java\jre1.8.0_73\classes;C:\Users\yohmor\.ivy2\cache\org.scala-lang\scala-library\jars\scala-library-2.11.7.jar
	-classpath
	C:\Sites\first_akka\target\scala-2.11\classes;C:\Users\yohmor\.ivy2\cache\com.typesafe.akka\akka-stream-experimental_2.11\jars\akka-stream-experimental_2.11-2.0.3.jar;C:\Users\yohmor\.ivy2\cache\com.typesafe.akka\akka-actor_2.11\jars\akka-actor_2.11-2.3.12.jar;C:\Users\yohmor\.ivy2\cache\com.typesafe\config\bundles\config-1.2.1.jar;C:\Users\yohmor\.ivy2\cache\com.typesafe\ssl-config-akka_2.11\jars\ssl-config-akka_2.11-0.1.0.jar;C:\Users\yohmor\.ivy2\cache\com.typesafe\ssl-config-core_2.11\jars\ssl-config-core_2.11-0.1.0.jar;C:\Users\yohmor\.ivy2\cache\org.scala-lang.modules\scala-parser-combinators_2.11\bundles\scala-parser-combinators_2.11-1.0.4.jar;C:\Users\yohmor\Downloads\typesafe-activator-1.3.7\activator-dist-1.3.7\repository\org.reactivestreams\reactive-streams\1.0.0\jars\reactive-streams.jar;C:\Users\yohmor\.ivy2\cache\net.databinder.dispatch\dispatch-core_2.11\jars\dispatch-core_2.11-0.11.2.jar;C:\Users\yohmor\.ivy2\cache\org.scala-lang.modules\scala-xml_2.11\bundles\scala-xml_2.11-1.0.1.jar;C:\Users\yohmor\.ivy2\cache\com.ning\async-http-client\jars\async-http-client-1.8.10.jar;C:\Users\yohmor\.ivy2\cache\io.netty\netty\bundles\netty-3.9.2.Final.jar;C:\Users\yohmor\.ivy2\cache\org.slf4j\slf4j-api\jars\slf4j-api-1.7.5.jar;C:\Users\yohmor\.ivy2\cache\com.typesafe.akka\akka-http-core-experimental_2.11\jars\akka-http-core-experimental_2.11-2.0.1.jar;C:\Users\yohmor\.ivy2\cache\com.typesafe.akka\akka-parsing-experimental_2.11\jars\akka-parsing-experimental_2.11-2.0.1.jar;C:\Users\yohmor\.ivy2\cache\com.typesafe.akka\akka-http-experimental_2.11\jars\akka-http-experimental_2.11-2.0.1.jar;C:\Users\yohmor\.ivy2\cache\com.typesafe.akka\akka-http-spray-json-experimental_2.11\jars\akka-http-spray-json-experimental_2.11-2.0.1.jar;C:\Users\yohmor\.ivy2\cache\io.spray\spray-json_2.11\bundles\spray-json_2.11-1.3.2.jar;C:\Users\yohmor\.ivy2\cache\com.typesafe.akka\akka-http-testkit-experimental_2.11\jars\akka-http-testkit-experimental_2.11-2.0.1.jar;C:\Users\yohmor\.ivy2\cache\com.typesafe.akka\akka-stream-testkit-experimental_2.11\jars\akka-stream-testkit-experimental_2.11-2.0.1.jar;C:\Users\yohmor\.ivy2\cache\com.typesafe.akka\akka-testkit_2.11\jars\akka-testkit_2.11-2.3.12.jar
Read from stdout: C:\Sites\first_akka\src\main\scala\util\http\HttpDispatcher.scala:24: could not find implicit value for parameter system: akka.actor.ActorSystem
C:\Sites\first_akka\src\main\scala\util\http\HttpDispatcher.scala:24: could not find implicit value for parameter system: akka.actor.ActorSystem
Read from stdout: Http().outgoingConnection("http://www.setlister.me/", 80)  
      Http().outgoingConnection("http://www.setlister.me/", 80)  
Read from stdout: ^
          ^
Read from stdout: C:\Sites\first_akka\src\main\scala\util\http\HttpDispatcher.scala:26: could not find implicit value for parameter materializer: akka.stream.Materializer
C:\Sites\first_akka\src\main\scala\util\http\HttpDispatcher.scala:26: could not find implicit value for parameter materializer: akka.stream.Materializer
Read from stdout: def setlisterRequest(request: HttpRequest): Future[HttpResponse] = Source.single(request).via(setlisterConnectionFlow).runWith(Sink.head)
    def setlisterRequest(request: HttpRequest): Future[HttpResponse] = Source.single(request).via(setlisterConnectionFlow).runWith(Sink.head)
Read from stdout: ^
                                                                                                                                  ^
Read from stdout: C:\Sites\first_akka\src\main\scala\util\http\HttpDispatcher.scala:41: not found: type IpInfo
C:\Sites\first_akka\src\main\scala\util\http\HttpDispatcher.scala:41: not found: type IpInfo
Read from stdout: case OK => Unmarshal(response.entity).to[IpInfo].map(Right(_))
            case OK => Unmarshal(response.entity).to[IpInfo].map(Right(_))
Read from stdout: ^
                                                     ^
Read from stdout: C:\Sites\first_akka\src\main\scala\util\http\HttpDispatcher.scala:43: could not find implicit value for parameter mat: akka.stream.Materializer
C:\Sites\first_akka\src\main\scala\util\http\HttpDispatcher.scala:43: could not find implicit value for parameter mat: akka.stream.Materializer
Read from stdout: case _ => Unmarshal(response.entity).to[String].flatMap { entity =>
            case _ => Unmarshal(response.entity).to[String].flatMap { entity =>
Read from stdout: ^
                                                   ^
Read from stdout: C:\Sites\first_akka\src\main\scala\util\http\HttpDispatcher.scala:45: not found: value logger
C:\Sites\first_akka\src\main\scala\util\http\HttpDispatcher.scala:45: not found: value logger
Read from stdout: logger.error(error)
              logger.error(error)
Read from stdout: ^
              ^
Read from stdout: 5 errors found
5 errors found
Compilation failed (CompilerInterface)
Read from stdout: (compile:compileIncremental) Compilation failed
(compile:compileIncremental) Compilation failed
Total time: 1 s, completed 4/03/2016 03:07:52 PM
> server-post-command-error-handler
> server-post-command-cleanup
> server-handle-next-server-request
> compile
Evaluating tasks: compile:compile
Running task... Cancel: sbt.server.ServerTaskCancellation@98c8745, check cycles: false

Initial source changes: 
	removed:Set()
	added: Set()
	modified: Set(C:\Sites\first_akka\src\main\scala\SimpleActor.scala, C:\Sites\first_akka\src\main\scala\util\http\HttpDispatcher.scala)
Removed products: Set()
External API changes: API Changes: Set()
Modified binary dependencies: Set()
Initial directly invalidated sources: Set(C:\Sites\first_akka\src\main\scala\SimpleActor.scala, C:\Sites\first_akka\src\main\scala\util\http\HttpDispatcher.scala)

Sources indirectly invalidated by:
	product: Set()
	binary dep: Set()
	external source: Set()
All initially invalidated sources: Set(C:\Sites\first_akka\src\main\scala\SimpleActor.scala, C:\Sites\first_akka\src\main\scala\util\http\HttpDispatcher.scala)

Read from stdout: Compiling 2 Scala sources to C:\Sites\first_akka\target\scala-2.11\classes...
Compiling 2 Scala sources to C:\Sites\first_akka\target\scala-2.11\classes...
Getting compiler-interface from component compiler for Scala 2.11.7
Other repositories:
Default repositories:
Getting compiler-interface from component compiler for Scala 2.11.7
Other repositories:
Default repositories:
Running cached compiler 4864294c, interfacing (CompilerInterface) with Scala compiler version 2.11.7
Calling Scala compiler with arguments  (CompilerInterface):
	-bootclasspath
	C:\Program Files\Java\jre1.8.0_73\lib\resources.jar;C:\Program Files\Java\jre1.8.0_73\lib\rt.jar;C:\Program Files\Java\jre1.8.0_73\lib\sunrsasign.jar;C:\Program Files\Java\jre1.8.0_73\lib\jsse.jar;C:\Program Files\Java\jre1.8.0_73\lib\jce.jar;C:\Program Files\Java\jre1.8.0_73\lib\charsets.jar;C:\Program Files\Java\jre1.8.0_73\lib\jfr.jar;C:\Program Files\Java\jre1.8.0_73\classes;C:\Users\yohmor\.ivy2\cache\org.scala-lang\scala-library\jars\scala-library-2.11.7.jar
	-classpath
	C:\Sites\first_akka\target\scala-2.11\classes;C:\Users\yohmor\.ivy2\cache\com.typesafe.akka\akka-stream-experimental_2.11\jars\akka-stream-experimental_2.11-2.0.3.jar;C:\Users\yohmor\.ivy2\cache\com.typesafe.akka\akka-actor_2.11\jars\akka-actor_2.11-2.3.12.jar;C:\Users\yohmor\.ivy2\cache\com.typesafe\config\bundles\config-1.2.1.jar;C:\Users\yohmor\.ivy2\cache\com.typesafe\ssl-config-akka_2.11\jars\ssl-config-akka_2.11-0.1.0.jar;C:\Users\yohmor\.ivy2\cache\com.typesafe\ssl-config-core_2.11\jars\ssl-config-core_2.11-0.1.0.jar;C:\Users\yohmor\.ivy2\cache\org.scala-lang.modules\scala-parser-combinators_2.11\bundles\scala-parser-combinators_2.11-1.0.4.jar;C:\Users\yohmor\Downloads\typesafe-activator-1.3.7\activator-dist-1.3.7\repository\org.reactivestreams\reactive-streams\1.0.0\jars\reactive-streams.jar;C:\Users\yohmor\.ivy2\cache\net.databinder.dispatch\dispatch-core_2.11\jars\dispatch-core_2.11-0.11.2.jar;C:\Users\yohmor\.ivy2\cache\org.scala-lang.modules\scala-xml_2.11\bundles\scala-xml_2.11-1.0.1.jar;C:\Users\yohmor\.ivy2\cache\com.ning\async-http-client\jars\async-http-client-1.8.10.jar;C:\Users\yohmor\.ivy2\cache\io.netty\netty\bundles\netty-3.9.2.Final.jar;C:\Users\yohmor\.ivy2\cache\org.slf4j\slf4j-api\jars\slf4j-api-1.7.5.jar;C:\Users\yohmor\.ivy2\cache\com.typesafe.akka\akka-http-core-experimental_2.11\jars\akka-http-core-experimental_2.11-2.0.1.jar;C:\Users\yohmor\.ivy2\cache\com.typesafe.akka\akka-parsing-experimental_2.11\jars\akka-parsing-experimental_2.11-2.0.1.jar;C:\Users\yohmor\.ivy2\cache\com.typesafe.akka\akka-http-experimental_2.11\jars\akka-http-experimental_2.11-2.0.1.jar;C:\Users\yohmor\.ivy2\cache\com.typesafe.akka\akka-http-spray-json-experimental_2.11\jars\akka-http-spray-json-experimental_2.11-2.0.1.jar;C:\Users\yohmor\.ivy2\cache\io.spray\spray-json_2.11\bundles\spray-json_2.11-1.3.2.jar;C:\Users\yohmor\.ivy2\cache\com.typesafe.akka\akka-http-testkit-experimental_2.11\jars\akka-http-testkit-experimental_2.11-2.0.1.jar;C:\Users\yohmor\.ivy2\cache\com.typesafe.akka\akka-stream-testkit-experimental_2.11\jars\akka-stream-testkit-experimental_2.11-2.0.1.jar;C:\Users\yohmor\.ivy2\cache\com.typesafe.akka\akka-testkit_2.11\jars\akka-testkit_2.11-2.3.12.jar
Read from stdout: C:\Sites\first_akka\src\main\scala\util\http\HttpDispatcher.scala:25: could not find implicit value for parameter system: akka.actor.ActorSystem
C:\Sites\first_akka\src\main\scala\util\http\HttpDispatcher.scala:25: could not find implicit value for parameter system: akka.actor.ActorSystem
Read from stdout: Http().outgoingConnection("http://www.setlister.me/", 80)  
      Http().outgoingConnection("http://www.setlister.me/", 80)  
Read from stdout: ^
          ^
Read from stdout: C:\Sites\first_akka\src\main\scala\util\http\HttpDispatcher.scala:27: could not find implicit value for parameter materializer: akka.stream.Materializer
C:\Sites\first_akka\src\main\scala\util\http\HttpDispatcher.scala:27: could not find implicit value for parameter materializer: akka.stream.Materializer
Read from stdout: def setlisterRequest(request: HttpRequest): Future[HttpResponse] = Source.single(request).via(setlisterConnectionFlow).runWith(Sink.head)
    def setlisterRequest(request: HttpRequest): Future[HttpResponse] = Source.single(request).via(setlisterConnectionFlow).runWith(Sink.head)
Read from stdout: ^
                                                                                                                                  ^
Read from stdout: C:\Sites\first_akka\src\main\scala\util\http\HttpDispatcher.scala:42: not found: type IpInfo
C:\Sites\first_akka\src\main\scala\util\http\HttpDispatcher.scala:42: not found: type IpInfo
Read from stdout: case OK => Unmarshal(response.entity).to[IpInfo].map(Right(_))
            case OK => Unmarshal(response.entity).to[IpInfo].map(Right(_))
Read from stdout: ^
                                                     ^
Read from stdout: C:\Sites\first_akka\src\main\scala\util\http\HttpDispatcher.scala:44: Cannot find an implicit ExecutionContext. You might pass
Read from stdout: an (implicit ec: ExecutionContext) parameter to your method
Read from stdout: or import scala.concurrent.ExecutionContext.Implicits.global.
C:\Sites\first_akka\src\main\scala\util\http\HttpDispatcher.scala:44: Cannot find an implicit ExecutionContext. You might pass
an (implicit ec: ExecutionContext) parameter to your method
or import scala.concurrent.ExecutionContext.Implicits.global.
Read from stdout: case _ => Unmarshal(response.entity).to[String].flatMap { entity =>
            case _ => Unmarshal(response.entity).to[String].flatMap { entity =>
Read from stdout: ^
                                                   ^
Read from stdout: C:\Sites\first_akka\src\main\scala\util\http\HttpDispatcher.scala:46: not found: value logger
C:\Sites\first_akka\src\main\scala\util\http\HttpDispatcher.scala:46: not found: value logger
Read from stdout: logger.error(error)
              logger.error(error)
Read from stdout: ^
              ^
Read from stdout: C:\Sites\first_akka\src\main\scala\util\http\HttpDispatcher.scala:40: Cannot find an implicit ExecutionContext. You might pass
Read from stdout: an (implicit ec: ExecutionContext) parameter to your method
Read from stdout: or import scala.concurrent.ExecutionContext.Implicits.global.
C:\Sites\first_akka\src\main\scala\util\http\HttpDispatcher.scala:40: Cannot find an implicit ExecutionContext. You might pass
an (implicit ec: ExecutionContext) parameter to your method
or import scala.concurrent.ExecutionContext.Implicits.global.
Read from stdout: setlisterRequest(RequestBuilding.Get(url)).flatMap { response =>
        setlisterRequest(RequestBuilding.Get(url)).flatMap { response =>
Read from stdout: ^
                                                           ^
Read from stdout: 6 errors found
6 errors found
Compilation failed (CompilerInterface)
Read from stdout: (compile:compileIncremental) Compilation failed
(compile:compileIncremental) Compilation failed
Total time: 1 s, completed 4/03/2016 03:08:28 PM
> server-post-command-error-handler
> server-post-command-cleanup
> server-handle-next-server-request
> compile
Evaluating tasks: compile:compile
Running task... Cancel: sbt.server.ServerTaskCancellation@572c5f11, check cycles: false

Canceling execution...

Initial source changes: 
	removed:Set()
	added: Set()
	modified: Set(C:\Sites\first_akka\src\main\scala\SimpleActor.scala, C:\Sites\first_akka\src\main\scala\util\http\HttpDispatcher.scala)
Removed products: Set()
External API changes: API Changes: Set()
Modified binary dependencies: Set()
Initial directly invalidated sources: Set(C:\Sites\first_akka\src\main\scala\SimpleActor.scala, C:\Sites\first_akka\src\main\scala\util\http\HttpDispatcher.scala)

Sources indirectly invalidated by:
	product: Set()
	binary dep: Set()
	external source: Set()
All initially invalidated sources: Set(C:\Sites\first_akka\src\main\scala\SimpleActor.scala, C:\Sites\first_akka\src\main\scala\util\http\HttpDispatcher.scala)

Read from stdout: Compiling 2 Scala sources to C:\Sites\first_akka\target\scala-2.11\classes...
Compiling 2 Scala sources to C:\Sites\first_akka\target\scala-2.11\classes...
Getting compiler-interface from component compiler for Scala 2.11.7
Other repositories:
Default repositories:
Getting compiler-interface from component compiler for Scala 2.11.7
Other repositories:
Default repositories:
Running cached compiler 37bc252e, interfacing (CompilerInterface) with Scala compiler version 2.11.7
Calling Scala compiler with arguments  (CompilerInterface):
	-bootclasspath
	C:\Program Files\Java\jre1.8.0_73\lib\resources.jar;C:\Program Files\Java\jre1.8.0_73\lib\rt.jar;C:\Program Files\Java\jre1.8.0_73\lib\sunrsasign.jar;C:\Program Files\Java\jre1.8.0_73\lib\jsse.jar;C:\Program Files\Java\jre1.8.0_73\lib\jce.jar;C:\Program Files\Java\jre1.8.0_73\lib\charsets.jar;C:\Program Files\Java\jre1.8.0_73\lib\jfr.jar;C:\Program Files\Java\jre1.8.0_73\classes;C:\Users\yohmor\.ivy2\cache\org.scala-lang\scala-library\jars\scala-library-2.11.7.jar
	-classpath
	C:\Sites\first_akka\target\scala-2.11\classes;C:\Users\yohmor\.ivy2\cache\com.typesafe.akka\akka-stream-experimental_2.11\jars\akka-stream-experimental_2.11-2.0.3.jar;C:\Users\yohmor\.ivy2\cache\com.typesafe.akka\akka-actor_2.11\jars\akka-actor_2.11-2.3.12.jar;C:\Users\yohmor\.ivy2\cache\com.typesafe\config\bundles\config-1.2.1.jar;C:\Users\yohmor\.ivy2\cache\com.typesafe\ssl-config-akka_2.11\jars\ssl-config-akka_2.11-0.1.0.jar;C:\Users\yohmor\.ivy2\cache\com.typesafe\ssl-config-core_2.11\jars\ssl-config-core_2.11-0.1.0.jar;C:\Users\yohmor\.ivy2\cache\org.scala-lang.modules\scala-parser-combinators_2.11\bundles\scala-parser-combinators_2.11-1.0.4.jar;C:\Users\yohmor\Downloads\typesafe-activator-1.3.7\activator-dist-1.3.7\repository\org.reactivestreams\reactive-streams\1.0.0\jars\reactive-streams.jar;C:\Users\yohmor\.ivy2\cache\net.databinder.dispatch\dispatch-core_2.11\jars\dispatch-core_2.11-0.11.2.jar;C:\Users\yohmor\.ivy2\cache\org.scala-lang.modules\scala-xml_2.11\bundles\scala-xml_2.11-1.0.1.jar;C:\Users\yohmor\.ivy2\cache\com.ning\async-http-client\jars\async-http-client-1.8.10.jar;C:\Users\yohmor\.ivy2\cache\io.netty\netty\bundles\netty-3.9.2.Final.jar;C:\Users\yohmor\.ivy2\cache\org.slf4j\slf4j-api\jars\slf4j-api-1.7.5.jar;C:\Users\yohmor\.ivy2\cache\com.typesafe.akka\akka-http-core-experimental_2.11\jars\akka-http-core-experimental_2.11-2.0.1.jar;C:\Users\yohmor\.ivy2\cache\com.typesafe.akka\akka-parsing-experimental_2.11\jars\akka-parsing-experimental_2.11-2.0.1.jar;C:\Users\yohmor\.ivy2\cache\com.typesafe.akka\akka-http-experimental_2.11\jars\akka-http-experimental_2.11-2.0.1.jar;C:\Users\yohmor\.ivy2\cache\com.typesafe.akka\akka-http-spray-json-experimental_2.11\jars\akka-http-spray-json-experimental_2.11-2.0.1.jar;C:\Users\yohmor\.ivy2\cache\io.spray\spray-json_2.11\bundles\spray-json_2.11-1.3.2.jar;C:\Users\yohmor\.ivy2\cache\com.typesafe.akka\akka-http-testkit-experimental_2.11\jars\akka-http-testkit-experimental_2.11-2.0.1.jar;C:\Users\yohmor\.ivy2\cache\com.typesafe.akka\akka-stream-testkit-experimental_2.11\jars\akka-stream-testkit-experimental_2.11-2.0.1.jar;C:\Users\yohmor\.ivy2\cache\com.typesafe.akka\akka-testkit_2.11\jars\akka-testkit_2.11-2.3.12.jar
Read from stdout: IO error while decoding C:\Sites\first_akka\src\main\scala\SimpleActor.scala with UTF-8
Read from stdout: Please try specifying another one using the -encoding option
IO error while decoding C:\Sites\first_akka\src\main\scala\SimpleActor.scala with UTF-8
Please try specifying another one using the -encoding option
Read from stdout: IO error while decoding C:\Sites\first_akka\src\main\scala\util\http\HttpDispatcher.scala with UTF-8
Read from stdout: Please try specifying another one using the -encoding option
IO error while decoding C:\Sites\first_akka\src\main\scala\util\http\HttpDispatcher.scala with UTF-8
Please try specifying another one using the -encoding option
Read from stdout: two errors found
two errors found
Compilation failed (CompilerInterface)
Task java.util.concurrent.ExecutorCompletionService$QueueingFuture@658a88ed rejected from java.util.concurrent.ThreadPoolExecutor@515a5a36[Terminated, pool size = 0, active threads = 0, queued tasks = 0, completed tasks = 99]
java.util.concurrent.RejectedExecutionException: Task java.util.concurrent.ExecutorCompletionService$QueueingFuture@658a88ed rejected from java.util.concurrent.ThreadPoolExecutor@515a5a36[Terminated, pool size = 0, active threads = 0, queued tasks = 0, completed tasks = 99]
Use 'last' for the full log.
> server-post-command-error-handler
> server-post-command-cleanup
> server-handle-next-server-request
> compile
Evaluating tasks: compile:compile
Running task... Cancel: sbt.server.ServerTaskCancellation@9a5a566, check cycles: false
registered more than once? Task((taskDefinitionKey: ScopedKey(Scope(Select(ProjectRef(file:/C:/Sites/first_akka/,first_akka)),Select(ConfigKey(compile)),Global,Global),compile)))
registered more than once? Task((taskDefinitionKey: ScopedKey(Scope(Select(ProjectRef(file:/C:/Sites/first_akka/,first_akka)),Select(ConfigKey(compile)),Global,Global),compile)))
Use 'last' for the full log.
> server-post-command-error-handler
> server-post-command-cleanup
> server-handle-next-server-request
> compile
Evaluating tasks: compile:compile
Running task... Cancel: sbt.server.ServerTaskCancellation@7cc4ef99, check cycles: false
registered more than once? Task((taskDefinitionKey: ScopedKey(Scope(Select(ProjectRef(file:/C:/Sites/first_akka/,first_akka)),Select(ConfigKey(compile)),Global,Global),compile)))
registered more than once? Task((taskDefinitionKey: ScopedKey(Scope(Select(ProjectRef(file:/C:/Sites/first_akka/,first_akka)),Select(ConfigKey(compile)),Global,Global),compile)))
Use 'last' for the full log.
> server-post-command-error-handler
> server-post-command-cleanup
> server-handle-next-server-request
> compile
Evaluating tasks: compile:compile
Running task... Cancel: sbt.server.ServerTaskCancellation@4d313e3a, check cycles: false
registered more than once? Task((taskDefinitionKey: ScopedKey(Scope(Select(ProjectRef(file:/C:/Sites/first_akka/,first_akka)),Select(ConfigKey(compile)),Global,Global),compile)))
registered more than once? Task((taskDefinitionKey: ScopedKey(Scope(Select(ProjectRef(file:/C:/Sites/first_akka/,first_akka)),Select(ConfigKey(compile)),Global,Global),compile)))
Use 'last' for the full log.
> server-post-command-error-handler
> server-post-command-cleanup
> server-handle-next-server-request
> compile
Evaluating tasks: compile:compile
Running task... Cancel: sbt.server.ServerTaskCancellation@19221ddf, check cycles: false
registered more than once? Task((taskDefinitionKey: ScopedKey(Scope(Select(ProjectRef(file:/C:/Sites/first_akka/,first_akka)),Select(ConfigKey(compile)),Global,Global),compile)))
registered more than once? Task((taskDefinitionKey: ScopedKey(Scope(Select(ProjectRef(file:/C:/Sites/first_akka/,first_akka)),Select(ConfigKey(compile)),Global,Global),compile)))
Use 'last' for the full log.
> server-post-command-error-handler
> server-post-command-cleanup
> server-handle-next-server-request
> compile
Evaluating tasks: compile:compile
Running task... Cancel: sbt.server.ServerTaskCancellation@cdbdce, check cycles: false
registered more than once? Task((taskDefinitionKey: ScopedKey(Scope(Select(ProjectRef(file:/C:/Sites/first_akka/,first_akka)),Select(ConfigKey(compile)),Global,Global),compile)))
registered more than once? Task((taskDefinitionKey: ScopedKey(Scope(Select(ProjectRef(file:/C:/Sites/first_akka/,first_akka)),Select(ConfigKey(compile)),Global,Global),compile)))
Use 'last' for the full log.
> server-post-command-error-handler
> server-post-command-cleanup
> server-handle-next-server-request
> compile
Evaluating tasks: compile:compile
Running task... Cancel: sbt.server.ServerTaskCancellation@55a2b402, check cycles: false
registered more than once? Task((taskDefinitionKey: ScopedKey(Scope(Select(ProjectRef(file:/C:/Sites/first_akka/,first_akka)),Select(ConfigKey(compile)),Global,Global),compile)))
registered more than once? Task((taskDefinitionKey: ScopedKey(Scope(Select(ProjectRef(file:/C:/Sites/first_akka/,first_akka)),Select(ConfigKey(compile)),Global,Global),compile)))
Use 'last' for the full log.
> server-post-command-error-handler
> server-post-command-cleanup
> server-handle-next-server-request
> compile
Evaluating tasks: compile:compile
Running task... Cancel: sbt.server.ServerTaskCancellation@16e90882, check cycles: false
registered more than once? Task((taskDefinitionKey: ScopedKey(Scope(Select(ProjectRef(file:/C:/Sites/first_akka/,first_akka)),Select(ConfigKey(compile)),Global,Global),compile)))
registered more than once? Task((taskDefinitionKey: ScopedKey(Scope(Select(ProjectRef(file:/C:/Sites/first_akka/,first_akka)),Select(ConfigKey(compile)),Global,Global),compile)))
Use 'last' for the full log.
> server-post-command-error-handler
> server-post-command-cleanup
> server-handle-next-server-request
> first_akka/compile:discoveredMainClasses
Evaluating tasks: compile:discoveredMainClasses
Running task... Cancel: sbt.server.ServerTaskCancellation@8c89a08, check cycles: false
registered more than once? Task((taskDefinitionKey: ScopedKey(Scope(Select(ProjectRef(file:/C:/Sites/first_akka/,first_akka)),Select(ConfigKey(compile)),Global,Global),compile)))
registered more than once? Task((taskDefinitionKey: ScopedKey(Scope(Select(ProjectRef(file:/C:/Sites/first_akka/,first_akka)),Select(ConfigKey(compile)),Global,Global),compile)))
Use 'last' for the full log.
> server-post-command-error-handler
> server-post-command-cleanup
> server-handle-next-server-request
> first_akka/compile:discoveredMainClasses
Evaluating tasks: compile:discoveredMainClasses
Running task... Cancel: sbt.server.ServerTaskCancellation@295c502d, check cycles: false
registered more than once? Task((triggeredBy: List(Task((taskDefinitionKey: ScopedKey(Scope(Select(ProjectRef(file:/C:/Sites/first_akka/,first_akka)),Select(ConfigKey(compile)),Global,Global),compile)))), taskDefinitionKey: ScopedKey(Scope(Select(ProjectRef(file:/C:/Sites/first_akka/,first_akka)),Select(ConfigKey(compile)),Global,Global),discoveredMainClasses)))
registered more than once? Task((triggeredBy: List(Task((taskDefinitionKey: ScopedKey(Scope(Select(ProjectRef(file:/C:/Sites/first_akka/,first_akka)),Select(ConfigKey(compile)),Global,Global),compile)))), taskDefinitionKey: ScopedKey(Scope(Select(ProjectRef(file:/C:/Sites/first_akka/,first_akka)),Select(ConfigKey(compile)),Global,Global),discoveredMainClasses)))
Use 'last' for the full log.
> server-post-command-error-handler
> server-post-command-cleanup
> server-handle-next-server-request
> compile
Evaluating tasks: compile:compile
Running task... Cancel: sbt.server.ServerTaskCancellation@263e3b77, check cycles: false
registered more than once? Task((taskDefinitionKey: ScopedKey(Scope(Select(ProjectRef(file:/C:/Sites/first_akka/,first_akka)),Select(ConfigKey(compile)),Global,Global),compile)))
registered more than once? Task((taskDefinitionKey: ScopedKey(Scope(Select(ProjectRef(file:/C:/Sites/first_akka/,first_akka)),Select(ConfigKey(compile)),Global,Global),compile)))
Use 'last' for the full log.
> server-post-command-error-handler
> server-post-command-cleanup
> server-handle-next-server-request
> compile
Evaluating tasks: compile:compile
Running task... Cancel: sbt.server.ServerTaskCancellation@236bb3d6, check cycles: false
registered more than once? Task((taskDefinitionKey: ScopedKey(Scope(Select(ProjectRef(file:/C:/Sites/first_akka/,first_akka)),Select(ConfigKey(compile)),Global,Global),compile)))
registered more than once? Task((taskDefinitionKey: ScopedKey(Scope(Select(ProjectRef(file:/C:/Sites/first_akka/,first_akka)),Select(ConfigKey(compile)),Global,Global),compile)))
Use 'last' for the full log.
> server-post-command-error-handler
> server-post-command-cleanup
> server-handle-next-server-request
> compile
Evaluating tasks: compile:compile
Running task... Cancel: sbt.server.ServerTaskCancellation@52f2e73c, check cycles: false
registered more than once? Task((taskDefinitionKey: ScopedKey(Scope(Select(ProjectRef(file:/C:/Sites/first_akka/,first_akka)),Select(ConfigKey(compile)),Global,Global),compile)))
registered more than once? Task((taskDefinitionKey: ScopedKey(Scope(Select(ProjectRef(file:/C:/Sites/first_akka/,first_akka)),Select(ConfigKey(compile)),Global,Global),compile)))
Use 'last' for the full log.
> server-post-command-error-handler
> server-post-command-cleanup
> server-handle-next-server-request
> first_akka/compile:discoveredMainClasses
Evaluating tasks: compile:discoveredMainClasses
Running task... Cancel: sbt.server.ServerTaskCancellation@75ad5863, check cycles: false
registered more than once? Task((triggeredBy: List(Task((taskDefinitionKey: ScopedKey(Scope(Select(ProjectRef(file:/C:/Sites/first_akka/,first_akka)),Select(ConfigKey(compile)),Global,Global),compile)))), taskDefinitionKey: ScopedKey(Scope(Select(ProjectRef(file:/C:/Sites/first_akka/,first_akka)),Select(ConfigKey(compile)),Global,Global),discoveredMainClasses)))
registered more than once? Task((triggeredBy: List(Task((taskDefinitionKey: ScopedKey(Scope(Select(ProjectRef(file:/C:/Sites/first_akka/,first_akka)),Select(ConfigKey(compile)),Global,Global),compile)))), taskDefinitionKey: ScopedKey(Scope(Select(ProjectRef(file:/C:/Sites/first_akka/,first_akka)),Select(ConfigKey(compile)),Global,Global),discoveredMainClasses)))
Use 'last' for the full log.
> server-post-command-error-handler
> server-post-command-cleanup
> server-handle-next-server-request
> first_akka/compile:discoveredMainClasses
Evaluating tasks: compile:discoveredMainClasses
Running task... Cancel: sbt.server.ServerTaskCancellation@15b82750, check cycles: false
registered more than once? Task((triggeredBy: List(Task((taskDefinitionKey: ScopedKey(Scope(Select(ProjectRef(file:/C:/Sites/first_akka/,first_akka)),Select(ConfigKey(compile)),Global,Global),compile)))), taskDefinitionKey: ScopedKey(Scope(Select(ProjectRef(file:/C:/Sites/first_akka/,first_akka)),Select(ConfigKey(compile)),Global,Global),discoveredMainClasses)))
registered more than once? Task((triggeredBy: List(Task((taskDefinitionKey: ScopedKey(Scope(Select(ProjectRef(file:/C:/Sites/first_akka/,first_akka)),Select(ConfigKey(compile)),Global,Global),compile)))), taskDefinitionKey: ScopedKey(Scope(Select(ProjectRef(file:/C:/Sites/first_akka/,first_akka)),Select(ConfigKey(compile)),Global,Global),discoveredMainClasses)))
Use 'last' for the full log.
> server-post-command-error-handler
> server-post-command-cleanup
> server-handle-next-server-request
> {file:/C:/Sites/first_akka/}first_akka/compile:discoveredMainClasses
Evaluating tasks: compile:discoveredMainClasses
Running task... Cancel: sbt.server.ServerTaskCancellation@6513c432, check cycles: false
registered more than once? Task((triggeredBy: List(Task((taskDefinitionKey: ScopedKey(Scope(Select(ProjectRef(file:/C:/Sites/first_akka/,first_akka)),Select(ConfigKey(compile)),Global,Global),compile)))), taskDefinitionKey: ScopedKey(Scope(Select(ProjectRef(file:/C:/Sites/first_akka/,first_akka)),Select(ConfigKey(compile)),Global,Global),discoveredMainClasses)))
registered more than once? Task((triggeredBy: List(Task((taskDefinitionKey: ScopedKey(Scope(Select(ProjectRef(file:/C:/Sites/first_akka/,first_akka)),Select(ConfigKey(compile)),Global,Global),compile)))), taskDefinitionKey: ScopedKey(Scope(Select(ProjectRef(file:/C:/Sites/first_akka/,first_akka)),Select(ConfigKey(compile)),Global,Global),discoveredMainClasses)))
Use 'last' for the full log.
> server-post-command-error-handler
> server-post-command-cleanup
> server-handle-next-server-request
> {file:/C:/Sites/first_akka/}first_akka/compile:mainClass
Evaluating tasks: compile:mainClass
Running task... Cancel: sbt.server.ServerTaskCancellation@7f08f7b3, check cycles: false
registered more than once? Task((triggeredBy: List(Task((taskDefinitionKey: ScopedKey(Scope(Select(ProjectRef(file:/C:/Sites/first_akka/,first_akka)),Select(ConfigKey(compile)),Global,Global),compile)))), taskDefinitionKey: ScopedKey(Scope(Select(ProjectRef(file:/C:/Sites/first_akka/,first_akka)),Select(ConfigKey(compile)),Global,Global),discoveredMainClasses)))
registered more than once? Task((triggeredBy: List(Task((taskDefinitionKey: ScopedKey(Scope(Select(ProjectRef(file:/C:/Sites/first_akka/,first_akka)),Select(ConfigKey(compile)),Global,Global),compile)))), taskDefinitionKey: ScopedKey(Scope(Select(ProjectRef(file:/C:/Sites/first_akka/,first_akka)),Select(ConfigKey(compile)),Global,Global),discoveredMainClasses)))
Use 'last' for the full log.
> server-post-command-error-handler
> server-post-command-cleanup
> server-handle-next-server-request
> {file:/C:/Sites/first_akka/}first_akka/compile:mainClass
Evaluating tasks: compile:mainClass
Running task... Cancel: sbt.server.ServerTaskCancellation@204da5ec, check cycles: false
registered more than once? Task((taskDefinitionKey: ScopedKey(Scope(Select(ProjectRef(file:/C:/Sites/first_akka/,first_akka)),Select(ConfigKey(compile)),Global,Global),mainClass)))
registered more than once? Task((taskDefinitionKey: ScopedKey(Scope(Select(ProjectRef(file:/C:/Sites/first_akka/,first_akka)),Select(ConfigKey(compile)),Global,Global),mainClass)))
Use 'last' for the full log.
> server-post-command-error-handler
> server-post-command-cleanup
> server-handle-next-server-request
> {file:/C:/Sites/first_akka/}first_akka/compile:discoveredMainClasses
Evaluating tasks: compile:discoveredMainClasses
Running task... Cancel: sbt.server.ServerTaskCancellation@504eddee, check cycles: false
registered more than once? Task((triggeredBy: List(Task((taskDefinitionKey: ScopedKey(Scope(Select(ProjectRef(file:/C:/Sites/first_akka/,first_akka)),Select(ConfigKey(compile)),Global,Global),compile)))), taskDefinitionKey: ScopedKey(Scope(Select(ProjectRef(file:/C:/Sites/first_akka/,first_akka)),Select(ConfigKey(compile)),Global,Global),discoveredMainClasses)))
registered more than once? Task((triggeredBy: List(Task((taskDefinitionKey: ScopedKey(Scope(Select(ProjectRef(file:/C:/Sites/first_akka/,first_akka)),Select(ConfigKey(compile)),Global,Global),compile)))), taskDefinitionKey: ScopedKey(Scope(Select(ProjectRef(file:/C:/Sites/first_akka/,first_akka)),Select(ConfigKey(compile)),Global,Global),discoveredMainClasses)))
Use 'last' for the full log.
> server-post-command-error-handler
> server-post-command-cleanup
> server-handle-next-server-request
Done executing sbt server engine, result Right(Exit(0))
Closing listening server socket
Waiting for socket thread
Waiting for request processor thread
Waiting for command engine result
Returning control to sbt launcher with result Exit(0)
Closing the 17432@Yohmor logs at Fri Mar 04 15:12:57 COT 2016, goodbye.
